2024-01-15 08:23:14 GET /api/users 200 45ms
2024-01-15 08:23:18 POST /api/orders 201 128ms
2024-01-15 08:24:01 GET /api/products 200 32ms
2024-01-15 08:24:15 GET /api/users/42 404 12ms
2024-01-15 08:25:33 PUT /api/orders/101 200 89ms
2024-01-15 08:26:07 DELETE /api/orders/99 204 15ms
2024-01-15 08:27:44 GET /api/products 200 28ms
2024-01-15 08:28:19 POST /api/users 201 156ms
2024-01-15 08:29:55 GET /api/orders 200 67ms
2024-01-15 08:30:12 GET /api/users/99 500 234ms
2024-01-15 08:31:08 POST /api/orders 201 112ms
2024-01-15 08:32:45 GET /api/products/5 200 19ms
2024-01-15 08:33:22 PUT /api/users/42 200 78ms
2024-01-15 08:34:01 GET /api/orders/101 200 41ms
2024-01-15 08:35:17 POST /api/products 500 345ms
2024-01-15 08:36:44 GET /api/users 200 52ms
2024-01-15 08:37:09 DELETE /api/products/3 204 11ms
2024-01-15 08:38:22 GET /api/orders 200 63ms
2024-01-15 08:39:55 POST /api/users 400 8ms
2024-01-15 08:40:18 GET /api/products 200 27ms
